#-----------------------------------------------------------
# Vivado v2019.2.1 (64-bit)
# SW Build 2729669 on Thu Dec  5 04:49:17 MST 2019
# IP Build 2729494 on Thu Dec  5 07:38:25 MST 2019
# Start of session at: Wed Jan 19 19:35:59 2022
# Process ID: 19060
# Current directory: C:/Users/mulus/ViterbiEncoder
# Command line: vivado.exe -gui_launcher_event rodinguilauncherevent17456 C:\Users\mulus\ViterbiEncoder\ViterbiEncoder.xpr
# Log file: C:/Users/mulus/ViterbiEncoder/vivado.log
# Journal file: C:/Users/mulus/ViterbiEncoder\vivado.jou
#-----------------------------------------------------------
start_gui
open_project C:/Users/mulus/ViterbiEncoder/ViterbiEncoder.xpr
Scanning sources...
Finished scanning sources
INFO: [IP_Flow 19-234] Refreshing IP repositories
INFO: [IP_Flow 19-1704] No user IP repositories specified
INFO: [IP_Flow 19-2313] Loaded Vivado IP repository 'D:/Xilinx/Vivado/2019.2/data/ip'.
open_project: Time (s): cpu = 00:00:15 ; elapsed = 00:00:14 . Memory (MB): peak = 902.996 ; gain = 263.004
update_compile_order -fileset sources_1
